TN:
SF:models\reviewsModel.js
FN:16,(anonymous_0)
FN:19,createReview
FN:58,getReview
FN:75,updateReview
FN:111,deleteReview
FN:124,filterReviews
FN:232,(anonymous_6)
FNF:7
FNH:7
FNDA:10,(anonymous_0)
FNDA:3,createReview
FNDA:3,getReview
FNDA:3,updateReview
FNDA:3,deleteReview
FNDA:8,filterReviews
FNDA:2,(anonymous_6)
DA:1,1
DA:2,1
DA:4,1
DA:16,10
DA:17,1
DA:28,3
DA:30,3
DA:33,3
DA:34,1
DA:37,2
DA:40,2
DA:41,1
DA:44,1
DA:49,1
DA:50,1
DA:51,1
DA:53,2
DA:54,2
DA:59,3
DA:60,3
DA:68,2
DA:70,1
DA:71,1
DA:79,3
DA:80,3
DA:93,3
DA:103,3
DA:104,2
DA:106,1
DA:107,1
DA:112,3
DA:113,3
DA:117,2
DA:119,1
DA:120,1
DA:125,8
DA:130,8
DA:132,8
DA:133,8
DA:134,8
DA:136,8
DA:157,8
DA:158,2
DA:159,2
DA:161,8
DA:162,1
DA:163,1
DA:165,8
DA:166,1
DA:167,1
DA:169,8
DA:170,1
DA:171,1
DA:173,8
DA:174,1
DA:175,1
DA:177,8
DA:178,1
DA:179,1
DA:183,8
DA:184,1
DA:185,1
DA:186,1
DA:187,2
DA:188,2
DA:190,1
DA:191,1
DA:195,8
DA:196,2
DA:199,2
DA:201,0
DA:202,0
DA:204,0
DA:205,0
DA:206,0
DA:208,1
DA:209,1
DA:211,0
DA:212,0
DA:214,1
DA:217,2
DA:218,1
DA:219,1
DA:223,8
DA:225,8
DA:226,1
DA:227,1
DA:230,8
DA:231,7
DA:232,7
DA:233,7
DA:235,1
DA:236,1
DA:330,1
LF:94
LH:87
BRDA:33,0,0,1
BRDA:33,0,1,2
BRDA:40,1,0,1
BRDA:40,1,1,1
BRDA:68,2,0,2
BRDA:68,2,1,1
BRDA:104,3,0,2
BRDA:104,3,1,1
BRDA:124,4,0,0
BRDA:127,5,0,7
BRDA:157,6,0,2
BRDA:157,6,1,6
BRDA:161,7,0,1
BRDA:161,7,1,7
BRDA:165,8,0,1
BRDA:165,8,1,7
BRDA:169,9,0,1
BRDA:169,9,1,7
BRDA:173,10,0,1
BRDA:173,10,1,7
BRDA:177,11,0,1
BRDA:177,11,1,7
BRDA:183,12,0,1
BRDA:183,12,1,7
BRDA:183,13,0,8
BRDA:183,13,1,1
BRDA:183,13,2,1
BRDA:195,14,0,2
BRDA:195,14,1,6
BRDA:199,15,0,0
BRDA:199,15,1,0
BRDA:199,15,2,1
BRDA:199,15,3,0
BRDA:199,15,4,1
BRDA:217,16,0,1
BRDA:217,16,1,1
BRDA:225,17,0,1
BRDA:225,17,1,7
BRDA:225,18,0,8
BRDA:225,18,1,1
BRDA:231,19,0,1
BRDA:231,19,1,6
BRF:42
BRH:38
end_of_record
TN:
SF:models\usersModel.js
FN:21,getUser
FN:31,getAllUsers
FNF:2
FNH:2
FNDA:3,getUser
FNDA:3,getAllUsers
DA:1,1
DA:22,3
DA:23,3
DA:24,2
DA:26,1
DA:27,1
DA:32,3
DA:33,3
DA:34,2
DA:36,1
DA:37,1
DA:119,1
LF:12
LH:12
BRF:0
BRH:0
end_of_record
