<?xml version="1.0" encoding="UTF-8"?>
<coverage generated="1758147158956" clover="3.2.0">
  <project timestamp="1758147158956" name="All files">
    <metrics statements="94" coveredstatements="86" conditionals="42" coveredconditionals="36" methods="7" coveredmethods="7" elements="143" coveredelements="129" complexity="0" loc="94" ncloc="94" packages="1" files="1" classes="1"/>
    <file name="reviewsModel.js" path="D:\Github\DAP2-Backend\models\reviewsModel.js">
      <metrics statements="94" coveredstatements="86" conditionals="42" coveredconditionals="36" methods="7" coveredmethods="7"/>
      <line num="1" count="1" type="stmt"/>
      <line num="2" count="1" type="stmt"/>
      <line num="4" count="1" type="stmt"/>
      <line num="16" count="10" type="stmt"/>
      <line num="17" count="1" type="stmt"/>
      <line num="28" count="3" type="stmt"/>
      <line num="30" count="3" type="stmt"/>
      <line num="33" count="3" type="cond" truecount="2" falsecount="0"/>
      <line num="34" count="1" type="stmt"/>
      <line num="37" count="2" type="stmt"/>
      <line num="40" count="2" type="cond" truecount="2" falsecount="0"/>
      <line num="41" count="1" type="stmt"/>
      <line num="44" count="1" type="stmt"/>
      <line num="49" count="1" type="stmt"/>
      <line num="50" count="1" type="stmt"/>
      <line num="51" count="1" type="stmt"/>
      <line num="53" count="2" type="stmt"/>
      <line num="54" count="2" type="stmt"/>
      <line num="59" count="3" type="stmt"/>
      <line num="60" count="3" type="stmt"/>
      <line num="68" count="2" type="cond" truecount="2" falsecount="0"/>
      <line num="70" count="1" type="stmt"/>
      <line num="71" count="1" type="stmt"/>
      <line num="79" count="3" type="stmt"/>
      <line num="80" count="3" type="stmt"/>
      <line num="93" count="3" type="stmt"/>
      <line num="103" count="3" type="stmt"/>
      <line num="104" count="2" type="cond" truecount="2" falsecount="0"/>
      <line num="106" count="1" type="stmt"/>
      <line num="107" count="1" type="stmt"/>
      <line num="112" count="3" type="stmt"/>
      <line num="113" count="3" type="stmt"/>
      <line num="117" count="2" type="stmt"/>
      <line num="119" count="1" type="stmt"/>
      <line num="120" count="1" type="stmt"/>
      <line num="125" count="4" type="stmt"/>
      <line num="130" count="4" type="stmt"/>
      <line num="132" count="4" type="stmt"/>
      <line num="133" count="4" type="stmt"/>
      <line num="134" count="4" type="stmt"/>
      <line num="136" count="4" type="stmt"/>
      <line num="157" count="4" type="cond" truecount="2" falsecount="0"/>
      <line num="158" count="1" type="stmt"/>
      <line num="159" count="1" type="stmt"/>
      <line num="161" count="4" type="cond" truecount="2" falsecount="0"/>
      <line num="162" count="1" type="stmt"/>
      <line num="163" count="1" type="stmt"/>
      <line num="165" count="4" type="cond" truecount="2" falsecount="0"/>
      <line num="166" count="1" type="stmt"/>
      <line num="167" count="1" type="stmt"/>
      <line num="169" count="4" type="cond" truecount="2" falsecount="0"/>
      <line num="170" count="1" type="stmt"/>
      <line num="171" count="1" type="stmt"/>
      <line num="173" count="4" type="cond" truecount="2" falsecount="0"/>
      <line num="174" count="1" type="stmt"/>
      <line num="175" count="1" type="stmt"/>
      <line num="177" count="4" type="cond" truecount="2" falsecount="0"/>
      <line num="178" count="1" type="stmt"/>
      <line num="179" count="1" type="stmt"/>
      <line num="183" count="4" type="cond" truecount="5" falsecount="0"/>
      <line num="184" count="1" type="stmt"/>
      <line num="185" count="1" type="stmt"/>
      <line num="186" count="1" type="stmt"/>
      <line num="187" count="2" type="stmt"/>
      <line num="188" count="2" type="stmt"/>
      <line num="190" count="1" type="stmt"/>
      <line num="191" count="1" type="stmt"/>
      <line num="195" count="4" type="cond" truecount="2" falsecount="0"/>
      <line num="196" count="1" type="stmt"/>
      <line num="199" count="1" type="cond" truecount="1" falsecount="4"/>
      <line num="201" count="0" type="stmt"/>
      <line num="202" count="0" type="stmt"/>
      <line num="204" count="0" type="stmt"/>
      <line num="205" count="0" type="stmt"/>
      <line num="206" count="0" type="stmt"/>
      <line num="208" count="1" type="stmt"/>
      <line num="209" count="1" type="stmt"/>
      <line num="211" count="0" type="stmt"/>
      <line num="212" count="0" type="stmt"/>
      <line num="214" count="0" type="stmt"/>
      <line num="217" count="1" type="cond" truecount="1" falsecount="1"/>
      <line num="218" count="1" type="stmt"/>
      <line num="219" count="1" type="stmt"/>
      <line num="223" count="4" type="stmt"/>
      <line num="225" count="4" type="cond" truecount="4" falsecount="0"/>
      <line num="226" count="1" type="stmt"/>
      <line num="227" count="1" type="stmt"/>
      <line num="230" count="4" type="stmt"/>
      <line num="231" count="3" type="cond" truecount="2" falsecount="0"/>
      <line num="232" count="3" type="stmt"/>
      <line num="233" count="3" type="stmt"/>
      <line num="235" count="1" type="stmt"/>
      <line num="236" count="1" type="stmt"/>
      <line num="330" count="1" type="stmt"/>
    </file>
  </project>
</coverage>
