{"D:\\Github\\DAP2-Backend\\models\\reviewsModel.js": {"path":"D:\\Github\\DAP2-Backend\\models\\reviewsModel.js","statementMap":{"0":{"start":{"line":1,"column":13},"end":{"line":1,"column":29}},"1":{"start":{"line":2,"column":11},"end":{"line":2,"column":15}},"2":{"start":{"line":4,"column":13},"end":{"line":15,"column":1}},"3":{"start":{"line":16,"column":23},"end":{"line":16,"column":59}},"4":{"start":{"line":16,"column":39},"end":{"line":16,"column":47}},"5":{"start":{"line":17,"column":26},"end":{"line":17,"column":41}},"6":{"start":{"line":28,"column":2},"end":{"line":55,"column":3}},"7":{"start":{"line":30,"column":23},"end":{"line":32,"column":6}},"8":{"start":{"line":33,"column":4},"end":{"line":35,"column":5}},"9":{"start":{"line":34,"column":6},"end":{"line":34,"column":60}},"10":{"start":{"line":37,"column":22},"end":{"line":39,"column":6}},"11":{"start":{"line":40,"column":4},"end":{"line":42,"column":5}},"12":{"start":{"line":41,"column":6},"end":{"line":41,"column":59}},"13":{"start":{"line":44,"column":16},"end":{"line":48,"column":5}},"14":{"start":{"line":49,"column":19},"end":{"line":49,"column":79}},"15":{"start":{"line":50,"column":21},"end":{"line":50,"column":50}},"16":{"start":{"line":51,"column":4},"end":{"line":51,"column":19}},"17":{"start":{"line":53,"column":4},"end":{"line":53,"column":51}},"18":{"start":{"line":54,"column":4},"end":{"line":54,"column":16}},"19":{"start":{"line":59,"column":2},"end":{"line":72,"column":3}},"20":{"start":{"line":60,"column":21},"end":{"line":67,"column":5}},"21":{"start":{"line":68,"column":4},"end":{"line":68,"column":27}},"22":{"start":{"line":70,"column":4},"end":{"line":70,"column":50}},"23":{"start":{"line":71,"column":4},"end":{"line":71,"column":16}},"24":{"start":{"line":79,"column":2},"end":{"line":108,"column":3}},"25":{"start":{"line":80,"column":16},"end":{"line":92,"column":5}},"26":{"start":{"line":93,"column":19},"end":{"line":102,"column":5}},"27":{"start":{"line":103,"column":21},"end":{"line":103,"column":50}},"28":{"start":{"line":104,"column":4},"end":{"line":104,"column":27}},"29":{"start":{"line":106,"column":4},"end":{"line":106,"column":51}},"30":{"start":{"line":107,"column":4},"end":{"line":107,"column":16}},"31":{"start":{"line":112,"column":2},"end":{"line":121,"column":3}},"32":{"start":{"line":113,"column":19},"end":{"line":116,"column":5}},"33":{"start":{"line":117,"column":4},"end":{"line":117,"column":31}},"34":{"start":{"line":119,"column":4},"end":{"line":119,"column":51}},"35":{"start":{"line":120,"column":4},"end":{"line":120,"column":17}},"36":{"start":{"line":125,"column":95},"end":{"line":125,"column":102}},"37":{"start":{"line":130,"column":6},"end":{"line":130,"column":13}},"38":{"start":{"line":132,"column":2},"end":{"line":237,"column":3}},"39":{"start":{"line":133,"column":19},"end":{"line":133,"column":21}},"40":{"start":{"line":134,"column":12},"end":{"line":134,"column":13}},"41":{"start":{"line":136,"column":14},"end":{"line":155,"column":3}},"42":{"start":{"line":157,"column":4},"end":{"line":160,"column":5}},"43":{"start":{"line":158,"column":6},"end":{"line":158,"column":41}},"44":{"start":{"line":159,"column":6},"end":{"line":159,"column":36}},"45":{"start":{"line":161,"column":4},"end":{"line":164,"column":5}},"46":{"start":{"line":162,"column":6},"end":{"line":162,"column":41}},"47":{"start":{"line":163,"column":6},"end":{"line":163,"column":35}},"48":{"start":{"line":165,"column":4},"end":{"line":168,"column":5}},"49":{"start":{"line":166,"column":6},"end":{"line":166,"column":40}},"50":{"start":{"line":167,"column":6},"end":{"line":167,"column":38}},"51":{"start":{"line":169,"column":4},"end":{"line":172,"column":5}},"52":{"start":{"line":170,"column":6},"end":{"line":170,"column":40}},"53":{"start":{"line":171,"column":6},"end":{"line":171,"column":38}},"54":{"start":{"line":173,"column":4},"end":{"line":176,"column":5}},"55":{"start":{"line":174,"column":6},"end":{"line":174,"column":45}},"56":{"start":{"line":175,"column":6},"end":{"line":175,"column":32}},"57":{"start":{"line":177,"column":4},"end":{"line":180,"column":5}},"58":{"start":{"line":178,"column":6},"end":{"line":178,"column":42}},"59":{"start":{"line":179,"column":6},"end":{"line":179,"column":32}},"60":{"start":{"line":183,"column":4},"end":{"line":192,"column":5}},"61":{"start":{"line":184,"column":6},"end":{"line":184,"column":22}},"62":{"start":{"line":185,"column":28},"end":{"line":185,"column":30}},"63":{"start":{"line":186,"column":6},"end":{"line":189,"column":7}},"64":{"start":{"line":187,"column":8},"end":{"line":187,"column":48}},"65":{"start":{"line":188,"column":8},"end":{"line":188,"column":43}},"66":{"start":{"line":190,"column":6},"end":{"line":190,"column":40}},"67":{"start":{"line":191,"column":6},"end":{"line":191,"column":17}},"68":{"start":{"line":195,"column":4},"end":{"line":221,"column":5}},"69":{"start":{"line":196,"column":18},"end":{"line":196,"column":28}},"70":{"start":{"line":199,"column":6},"end":{"line":215,"column":7}},"71":{"start":{"line":201,"column":10},"end":{"line":201,"column":81}},"72":{"start":{"line":202,"column":10},"end":{"line":202,"column":16}},"73":{"start":{"line":204,"column":10},"end":{"line":204,"column":36}},"74":{"start":{"line":205,"column":10},"end":{"line":205,"column":47}},"75":{"start":{"line":206,"column":10},"end":{"line":206,"column":16}},"76":{"start":{"line":208,"column":10},"end":{"line":208,"column":69}},"77":{"start":{"line":209,"column":10},"end":{"line":209,"column":16}},"78":{"start":{"line":211,"column":10},"end":{"line":211,"column":56}},"79":{"start":{"line":212,"column":10},"end":{"line":212,"column":16}},"80":{"start":{"line":214,"column":10},"end":{"line":214,"column":27}},"81":{"start":{"line":217,"column":6},"end":{"line":220,"column":7}},"82":{"start":{"line":218,"column":8},"end":{"line":218,"column":46}},"83":{"start":{"line":219,"column":8},"end":{"line":219,"column":45}},"84":{"start":{"line":223,"column":4},"end":{"line":223,"column":38}},"85":{"start":{"line":225,"column":4},"end":{"line":228,"column":5}},"86":{"start":{"line":226,"column":6},"end":{"line":226,"column":45}},"87":{"start":{"line":227,"column":6},"end":{"line":227,"column":41}},"88":{"start":{"line":230,"column":21},"end":{"line":230,"column":50}},"89":{"start":{"line":231,"column":18},"end":{"line":231,"column":63}},"90":{"start":{"line":232,"column":4},"end":{"line":232,"column":46}},"91":{"start":{"line":232,"column":24},"end":{"line":232,"column":44}},"92":{"start":{"line":233,"column":4},"end":{"line":233,"column":27}},"93":{"start":{"line":235,"column":4},"end":{"line":235,"column":53}},"94":{"start":{"line":236,"column":4},"end":{"line":236,"column":16}},"95":{"start":{"line":330,"column":0},"end":{"line":342,"column":2}}},"fnMap":{"0":{"name":"(anonymous_0)","decl":{"start":{"line":16,"column":32},"end":{"line":16,"column":33}},"loc":{"start":{"line":16,"column":39},"end":{"line":16,"column":47}},"line":16},"1":{"name":"createReview","decl":{"start":{"line":19,"column":15},"end":{"line":19,"column":27}},"loc":{"start":{"line":27,"column":3},"end":{"line":56,"column":1}},"line":27},"2":{"name":"getReview","decl":{"start":{"line":58,"column":15},"end":{"line":58,"column":24}},"loc":{"start":{"line":58,"column":29},"end":{"line":73,"column":1}},"line":58},"3":{"name":"updateReview","decl":{"start":{"line":75,"column":15},"end":{"line":75,"column":27}},"loc":{"start":{"line":78,"column":2},"end":{"line":109,"column":1}},"line":78},"4":{"name":"deleteReview","decl":{"start":{"line":111,"column":15},"end":{"line":111,"column":27}},"loc":{"start":{"line":111,"column":32},"end":{"line":122,"column":1}},"line":111},"5":{"name":"filterReviews","decl":{"start":{"line":124,"column":15},"end":{"line":124,"column":28}},"loc":{"start":{"line":124,"column":52},"end":{"line":238,"column":1}},"line":124},"6":{"name":"(anonymous_6)","decl":{"start":{"line":232,"column":17},"end":{"line":232,"column":18}},"loc":{"start":{"line":232,"column":24},"end":{"line":232,"column":44}},"line":232}},"branchMap":{"0":{"loc":{"start":{"line":33,"column":4},"end":{"line":35,"column":5}},"type":"if","locations":[{"start":{"line":33,"column":4},"end":{"line":35,"column":5}},{"start":{},"end":{}}],"line":33},"1":{"loc":{"start":{"line":40,"column":4},"end":{"line":42,"column":5}},"type":"if","locations":[{"start":{"line":40,"column":4},"end":{"line":42,"column":5}},{"start":{},"end":{}}],"line":40},"2":{"loc":{"start":{"line":68,"column":11},"end":{"line":68,"column":26}},"type":"binary-expr","locations":[{"start":{"line":68,"column":11},"end":{"line":68,"column":18}},{"start":{"line":68,"column":22},"end":{"line":68,"column":26}}],"line":68},"3":{"loc":{"start":{"line":104,"column":11},"end":{"line":104,"column":26}},"type":"binary-expr","locations":[{"start":{"line":104,"column":11},"end":{"line":104,"column":18}},{"start":{"line":104,"column":22},"end":{"line":104,"column":26}}],"line":104},"4":{"loc":{"start":{"line":124,"column":38},"end":{"line":124,"column":50}},"type":"default-arg","locations":[{"start":{"line":124,"column":48},"end":{"line":124,"column":50}}],"line":124},"5":{"loc":{"start":{"line":127,"column":13},"end":{"line":127,"column":57}},"type":"default-arg","locations":[{"start":{"line":127,"column":27},"end":{"line":127,"column":57}}],"line":127},"6":{"loc":{"start":{"line":157,"column":4},"end":{"line":160,"column":5}},"type":"if","locations":[{"start":{"line":157,"column":4},"end":{"line":160,"column":5}},{"start":{},"end":{}}],"line":157},"7":{"loc":{"start":{"line":161,"column":4},"end":{"line":164,"column":5}},"type":"if","locations":[{"start":{"line":161,"column":4},"end":{"line":164,"column":5}},{"start":{},"end":{}}],"line":161},"8":{"loc":{"start":{"line":165,"column":4},"end":{"line":168,"column":5}},"type":"if","locations":[{"start":{"line":165,"column":4},"end":{"line":168,"column":5}},{"start":{},"end":{}}],"line":165},"9":{"loc":{"start":{"line":169,"column":4},"end":{"line":172,"column":5}},"type":"if","locations":[{"start":{"line":169,"column":4},"end":{"line":172,"column":5}},{"start":{},"end":{}}],"line":169},"10":{"loc":{"start":{"line":173,"column":4},"end":{"line":176,"column":5}},"type":"if","locations":[{"start":{"line":173,"column":4},"end":{"line":176,"column":5}},{"start":{},"end":{}}],"line":173},"11":{"loc":{"start":{"line":177,"column":4},"end":{"line":180,"column":5}},"type":"if","locations":[{"start":{"line":177,"column":4},"end":{"line":180,"column":5}},{"start":{},"end":{}}],"line":177},"12":{"loc":{"start":{"line":183,"column":4},"end":{"line":192,"column":5}},"type":"if","locations":[{"start":{"line":183,"column":4},"end":{"line":192,"column":5}},{"start":{},"end":{}}],"line":183},"13":{"loc":{"start":{"line":183,"column":8},"end":{"line":183,"column":54}},"type":"binary-expr","locations":[{"start":{"line":183,"column":8},"end":{"line":183,"column":12}},{"start":{"line":183,"column":16},"end":{"line":183,"column":35}},{"start":{"line":183,"column":39},"end":{"line":183,"column":54}}],"line":183},"14":{"loc":{"start":{"line":195,"column":4},"end":{"line":221,"column":5}},"type":"if","locations":[{"start":{"line":195,"column":4},"end":{"line":221,"column":5}},{"start":{},"end":{}}],"line":195},"15":{"loc":{"start":{"line":199,"column":6},"end":{"line":215,"column":7}},"type":"switch","locations":[{"start":{"line":200,"column":8},"end":{"line":202,"column":16}},{"start":{"line":203,"column":8},"end":{"line":206,"column":16}},{"start":{"line":207,"column":8},"end":{"line":209,"column":16}},{"start":{"line":210,"column":8},"end":{"line":212,"column":16}},{"start":{"line":213,"column":8},"end":{"line":214,"column":27}}],"line":199},"16":{"loc":{"start":{"line":217,"column":6},"end":{"line":220,"column":7}},"type":"if","locations":[{"start":{"line":217,"column":6},"end":{"line":220,"column":7}},{"start":{},"end":{}}],"line":217},"17":{"loc":{"start":{"line":225,"column":4},"end":{"line":228,"column":5}},"type":"if","locations":[{"start":{"line":225,"column":4},"end":{"line":228,"column":5}},{"start":{},"end":{}}],"line":225},"18":{"loc":{"start":{"line":225,"column":8},"end":{"line":225,"column":65}},"type":"binary-expr","locations":[{"start":{"line":225,"column":8},"end":{"line":225,"column":34}},{"start":{"line":225,"column":38},"end":{"line":225,"column":65}}],"line":225},"19":{"loc":{"start":{"line":231,"column":18},"end":{"line":231,"column":63}},"type":"cond-expr","locations":[{"start":{"line":231,"column":32},"end":{"line":231,"column":59}},{"start":{"line":231,"column":62},"end":{"line":231,"column":63}}],"line":231}},"s":{"0":1,"1":1,"2":1,"3":1,"4":10,"5":1,"6":3,"7":3,"8":3,"9":1,"10":2,"11":2,"12":1,"13":1,"14":1,"15":1,"16":1,"17":2,"18":2,"19":3,"20":3,"21":2,"22":1,"23":1,"24":3,"25":3,"26":3,"27":3,"28":2,"29":1,"30":1,"31":3,"32":3,"33":2,"34":1,"35":1,"36":4,"37":4,"38":4,"39":4,"40":4,"41":4,"42":4,"43":1,"44":1,"45":4,"46":1,"47":1,"48":4,"49":1,"50":1,"51":4,"52":1,"53":1,"54":4,"55":1,"56":1,"57":4,"58":1,"59":1,"60":4,"61":1,"62":1,"63":1,"64":2,"65":2,"66":1,"67":1,"68":4,"69":1,"70":1,"71":0,"72":0,"73":0,"74":0,"75":0,"76":1,"77":1,"78":0,"79":0,"80":0,"81":1,"82":1,"83":1,"84":4,"85":4,"86":1,"87":1,"88":4,"89":3,"90":3,"91":2,"92":3,"93":1,"94":1,"95":1},"f":{"0":10,"1":3,"2":3,"3":3,"4":3,"5":4,"6":2},"b":{"0":[1,2],"1":[1,1],"2":[2,1],"3":[2,1],"4":[0],"5":[3],"6":[1,3],"7":[1,3],"8":[1,3],"9":[1,3],"10":[1,3],"11":[1,3],"12":[1,3],"13":[4,1,1],"14":[1,3],"15":[0,0,1,0,0],"16":[1,0],"17":[1,3],"18":[4,1],"19":[1,2]},"_coverageSchema":"1a1c01bbd47fc00a2c39e90264f33305004495a9","hash":"881c68db7301c75f81eb1b4bd650542f1ae14a6e"}
}
