{"D:\\Github\\DAP2-Backend\\models\\moviesModel.js": {"path":"D:\\Github\\DAP2-Backend\\models\\moviesModel.js","statementMap":{"0":{"start":{"line":4,"column":2},"end":{"line":10,"column":3}},"1":{"start":{"line":5,"column":19},"end":{"line":5,"column":79}},"2":{"start":{"line":6,"column":4},"end":{"line":6,"column":26}},"3":{"start":{"line":8,"column":4},"end":{"line":8,"column":49}},"4":{"start":{"line":9,"column":4},"end":{"line":9,"column":16}},"5":{"start":{"line":14,"column":2},"end":{"line":20,"column":3}},"6":{"start":{"line":15,"column":19},"end":{"line":15,"column":84}},"7":{"start":{"line":16,"column":4},"end":{"line":16,"column":23}},"8":{"start":{"line":18,"column":4},"end":{"line":18,"column":54}},"9":{"start":{"line":19,"column":4},"end":{"line":19,"column":14}},"10":{"start":{"line":24,"column":2},"end":{"line":35,"column":3}},"11":{"start":{"line":25,"column":19},"end":{"line":30,"column":5}},"12":{"start":{"line":31,"column":4},"end":{"line":31,"column":23}},"13":{"start":{"line":33,"column":4},"end":{"line":33,"column":52}},"14":{"start":{"line":34,"column":4},"end":{"line":34,"column":14}},"15":{"start":{"line":39,"column":2},"end":{"line":48,"column":3}},"16":{"start":{"line":40,"column":19},"end":{"line":43,"column":5}},"17":{"start":{"line":44,"column":4},"end":{"line":44,"column":23}},"18":{"start":{"line":46,"column":4},"end":{"line":46,"column":59}},"19":{"start":{"line":47,"column":4},"end":{"line":47,"column":14}}},"fnMap":{"0":{"name":"getMovie","decl":{"start":{"line":3,"column":15},"end":{"line":3,"column":23}},"loc":{"start":{"line":3,"column":28},"end":{"line":11,"column":1}},"line":3},"1":{"name":"getAllMovies","decl":{"start":{"line":13,"column":15},"end":{"line":13,"column":27}},"loc":{"start":{"line":13,"column":30},"end":{"line":21,"column":1}},"line":13},"2":{"name":"searchMovies","decl":{"start":{"line":23,"column":15},"end":{"line":23,"column":27}},"loc":{"start":{"line":23,"column":40},"end":{"line":36,"column":1}},"line":23},"3":{"name":"getMoviesByGenre","decl":{"start":{"line":38,"column":15},"end":{"line":38,"column":31}},"loc":{"start":{"line":38,"column":39},"end":{"line":49,"column":1}},"line":38}},"branchMap":{},"s":{"0":3,"1":3,"2":2,"3":1,"4":1,"5":2,"6":2,"7":1,"8":1,"9":1,"10":2,"11":2,"12":1,"13":1,"14":1,"15":2,"16":2,"17":1,"18":1,"19":1},"f":{"0":3,"1":2,"2":2,"3":2},"b":{},"inputSourceMap":null,"_coverageSchema":"1a1c01bbd47fc00a2c39e90264f33305004495a9","hash":"60945732c6b0b94821158f0262bd5bc80541570b"}
,"D:\\Github\\DAP2-Backend\\models\\reviewsModel.js": {"path":"D:\\Github\\DAP2-Backend\\models\\reviewsModel.js","statementMap":{"0":{"start":{"line":3,"column":11},"end":{"line":3,"column":15}},"1":{"start":{"line":5,"column":13},"end":{"line":16,"column":1}},"2":{"start":{"line":17,"column":23},"end":{"line":17,"column":59}},"3":{"start":{"line":17,"column":39},"end":{"line":17,"column":47}},"4":{"start":{"line":18,"column":26},"end":{"line":18,"column":41}},"5":{"start":{"line":29,"column":2},"end":{"line":56,"column":3}},"6":{"start":{"line":31,"column":23},"end":{"line":33,"column":6}},"7":{"start":{"line":34,"column":4},"end":{"line":36,"column":5}},"8":{"start":{"line":35,"column":6},"end":{"line":35,"column":60}},"9":{"start":{"line":38,"column":22},"end":{"line":40,"column":6}},"10":{"start":{"line":41,"column":4},"end":{"line":43,"column":5}},"11":{"start":{"line":42,"column":6},"end":{"line":42,"column":59}},"12":{"start":{"line":45,"column":16},"end":{"line":49,"column":5}},"13":{"start":{"line":50,"column":19},"end":{"line":50,"column":79}},"14":{"start":{"line":51,"column":21},"end":{"line":51,"column":50}},"15":{"start":{"line":52,"column":4},"end":{"line":52,"column":19}},"16":{"start":{"line":54,"column":4},"end":{"line":54,"column":51}},"17":{"start":{"line":55,"column":4},"end":{"line":55,"column":16}},"18":{"start":{"line":60,"column":2},"end":{"line":73,"column":3}},"19":{"start":{"line":61,"column":21},"end":{"line":68,"column":5}},"20":{"start":{"line":69,"column":4},"end":{"line":69,"column":27}},"21":{"start":{"line":71,"column":4},"end":{"line":71,"column":50}},"22":{"start":{"line":72,"column":4},"end":{"line":72,"column":16}},"23":{"start":{"line":80,"column":2},"end":{"line":109,"column":3}},"24":{"start":{"line":81,"column":16},"end":{"line":93,"column":5}},"25":{"start":{"line":94,"column":19},"end":{"line":103,"column":5}},"26":{"start":{"line":104,"column":21},"end":{"line":104,"column":50}},"27":{"start":{"line":105,"column":4},"end":{"line":105,"column":27}},"28":{"start":{"line":107,"column":4},"end":{"line":107,"column":51}},"29":{"start":{"line":108,"column":4},"end":{"line":108,"column":16}},"30":{"start":{"line":113,"column":2},"end":{"line":122,"column":3}},"31":{"start":{"line":114,"column":19},"end":{"line":117,"column":5}},"32":{"start":{"line":118,"column":4},"end":{"line":118,"column":31}},"33":{"start":{"line":120,"column":4},"end":{"line":120,"column":51}},"34":{"start":{"line":121,"column":4},"end":{"line":121,"column":17}},"35":{"start":{"line":126,"column":95},"end":{"line":126,"column":102}},"36":{"start":{"line":131,"column":6},"end":{"line":131,"column":13}},"37":{"start":{"line":133,"column":2},"end":{"line":238,"column":3}},"38":{"start":{"line":134,"column":19},"end":{"line":134,"column":21}},"39":{"start":{"line":135,"column":12},"end":{"line":135,"column":13}},"40":{"start":{"line":137,"column":14},"end":{"line":156,"column":3}},"41":{"start":{"line":158,"column":4},"end":{"line":161,"column":5}},"42":{"start":{"line":159,"column":6},"end":{"line":159,"column":41}},"43":{"start":{"line":160,"column":6},"end":{"line":160,"column":36}},"44":{"start":{"line":162,"column":4},"end":{"line":165,"column":5}},"45":{"start":{"line":163,"column":6},"end":{"line":163,"column":41}},"46":{"start":{"line":164,"column":6},"end":{"line":164,"column":35}},"47":{"start":{"line":166,"column":4},"end":{"line":169,"column":5}},"48":{"start":{"line":167,"column":6},"end":{"line":167,"column":40}},"49":{"start":{"line":168,"column":6},"end":{"line":168,"column":38}},"50":{"start":{"line":170,"column":4},"end":{"line":173,"column":5}},"51":{"start":{"line":171,"column":6},"end":{"line":171,"column":40}},"52":{"start":{"line":172,"column":6},"end":{"line":172,"column":38}},"53":{"start":{"line":174,"column":4},"end":{"line":177,"column":5}},"54":{"start":{"line":175,"column":6},"end":{"line":175,"column":45}},"55":{"start":{"line":176,"column":6},"end":{"line":176,"column":32}},"56":{"start":{"line":178,"column":4},"end":{"line":181,"column":5}},"57":{"start":{"line":179,"column":6},"end":{"line":179,"column":42}},"58":{"start":{"line":180,"column":6},"end":{"line":180,"column":32}},"59":{"start":{"line":184,"column":4},"end":{"line":193,"column":5}},"60":{"start":{"line":185,"column":6},"end":{"line":185,"column":22}},"61":{"start":{"line":186,"column":28},"end":{"line":186,"column":30}},"62":{"start":{"line":187,"column":6},"end":{"line":190,"column":7}},"63":{"start":{"line":188,"column":8},"end":{"line":188,"column":48}},"64":{"start":{"line":189,"column":8},"end":{"line":189,"column":43}},"65":{"start":{"line":191,"column":6},"end":{"line":191,"column":40}},"66":{"start":{"line":192,"column":6},"end":{"line":192,"column":17}},"67":{"start":{"line":196,"column":4},"end":{"line":222,"column":5}},"68":{"start":{"line":197,"column":18},"end":{"line":197,"column":28}},"69":{"start":{"line":200,"column":6},"end":{"line":216,"column":7}},"70":{"start":{"line":202,"column":10},"end":{"line":202,"column":81}},"71":{"start":{"line":203,"column":10},"end":{"line":203,"column":16}},"72":{"start":{"line":205,"column":10},"end":{"line":205,"column":36}},"73":{"start":{"line":206,"column":10},"end":{"line":206,"column":47}},"74":{"start":{"line":207,"column":10},"end":{"line":207,"column":16}},"75":{"start":{"line":209,"column":10},"end":{"line":209,"column":69}},"76":{"start":{"line":210,"column":10},"end":{"line":210,"column":16}},"77":{"start":{"line":212,"column":10},"end":{"line":212,"column":56}},"78":{"start":{"line":213,"column":10},"end":{"line":213,"column":16}},"79":{"start":{"line":215,"column":10},"end":{"line":215,"column":27}},"80":{"start":{"line":218,"column":6},"end":{"line":221,"column":7}},"81":{"start":{"line":219,"column":8},"end":{"line":219,"column":46}},"82":{"start":{"line":220,"column":8},"end":{"line":220,"column":45}},"83":{"start":{"line":224,"column":4},"end":{"line":224,"column":38}},"84":{"start":{"line":226,"column":4},"end":{"line":229,"column":5}},"85":{"start":{"line":227,"column":6},"end":{"line":227,"column":45}},"86":{"start":{"line":228,"column":6},"end":{"line":228,"column":41}},"87":{"start":{"line":231,"column":21},"end":{"line":231,"column":50}},"88":{"start":{"line":232,"column":18},"end":{"line":232,"column":63}},"89":{"start":{"line":233,"column":4},"end":{"line":233,"column":46}},"90":{"start":{"line":233,"column":24},"end":{"line":233,"column":44}},"91":{"start":{"line":234,"column":4},"end":{"line":234,"column":27}},"92":{"start":{"line":236,"column":4},"end":{"line":236,"column":53}},"93":{"start":{"line":237,"column":4},"end":{"line":237,"column":16}}},"fnMap":{"0":{"name":"(anonymous_0)","decl":{"start":{"line":17,"column":32},"end":{"line":17,"column":33}},"loc":{"start":{"line":17,"column":39},"end":{"line":17,"column":47}},"line":17},"1":{"name":"createReview","decl":{"start":{"line":20,"column":15},"end":{"line":20,"column":27}},"loc":{"start":{"line":28,"column":3},"end":{"line":57,"column":1}},"line":28},"2":{"name":"getReview","decl":{"start":{"line":59,"column":15},"end":{"line":59,"column":24}},"loc":{"start":{"line":59,"column":29},"end":{"line":74,"column":1}},"line":59},"3":{"name":"updateReview","decl":{"start":{"line":76,"column":15},"end":{"line":76,"column":27}},"loc":{"start":{"line":79,"column":2},"end":{"line":110,"column":1}},"line":79},"4":{"name":"deleteReview","decl":{"start":{"line":112,"column":15},"end":{"line":112,"column":27}},"loc":{"start":{"line":112,"column":32},"end":{"line":123,"column":1}},"line":112},"5":{"name":"filterReviews","decl":{"start":{"line":125,"column":15},"end":{"line":125,"column":28}},"loc":{"start":{"line":125,"column":52},"end":{"line":239,"column":1}},"line":125},"6":{"name":"(anonymous_6)","decl":{"start":{"line":233,"column":17},"end":{"line":233,"column":18}},"loc":{"start":{"line":233,"column":24},"end":{"line":233,"column":44}},"line":233}},"branchMap":{"0":{"loc":{"start":{"line":34,"column":4},"end":{"line":36,"column":5}},"type":"if","locations":[{"start":{"line":34,"column":4},"end":{"line":36,"column":5}},{"start":{},"end":{}}],"line":34},"1":{"loc":{"start":{"line":41,"column":4},"end":{"line":43,"column":5}},"type":"if","locations":[{"start":{"line":41,"column":4},"end":{"line":43,"column":5}},{"start":{},"end":{}}],"line":41},"2":{"loc":{"start":{"line":69,"column":11},"end":{"line":69,"column":26}},"type":"binary-expr","locations":[{"start":{"line":69,"column":11},"end":{"line":69,"column":18}},{"start":{"line":69,"column":22},"end":{"line":69,"column":26}}],"line":69},"3":{"loc":{"start":{"line":105,"column":11},"end":{"line":105,"column":26}},"type":"binary-expr","locations":[{"start":{"line":105,"column":11},"end":{"line":105,"column":18}},{"start":{"line":105,"column":22},"end":{"line":105,"column":26}}],"line":105},"4":{"loc":{"start":{"line":125,"column":38},"end":{"line":125,"column":50}},"type":"default-arg","locations":[{"start":{"line":125,"column":48},"end":{"line":125,"column":50}}],"line":125},"5":{"loc":{"start":{"line":128,"column":13},"end":{"line":128,"column":57}},"type":"default-arg","locations":[{"start":{"line":128,"column":27},"end":{"line":128,"column":57}}],"line":128},"6":{"loc":{"start":{"line":158,"column":4},"end":{"line":161,"column":5}},"type":"if","locations":[{"start":{"line":158,"column":4},"end":{"line":161,"column":5}},{"start":{},"end":{}}],"line":158},"7":{"loc":{"start":{"line":162,"column":4},"end":{"line":165,"column":5}},"type":"if","locations":[{"start":{"line":162,"column":4},"end":{"line":165,"column":5}},{"start":{},"end":{}}],"line":162},"8":{"loc":{"start":{"line":166,"column":4},"end":{"line":169,"column":5}},"type":"if","locations":[{"start":{"line":166,"column":4},"end":{"line":169,"column":5}},{"start":{},"end":{}}],"line":166},"9":{"loc":{"start":{"line":170,"column":4},"end":{"line":173,"column":5}},"type":"if","locations":[{"start":{"line":170,"column":4},"end":{"line":173,"column":5}},{"start":{},"end":{}}],"line":170},"10":{"loc":{"start":{"line":174,"column":4},"end":{"line":177,"column":5}},"type":"if","locations":[{"start":{"line":174,"column":4},"end":{"line":177,"column":5}},{"start":{},"end":{}}],"line":174},"11":{"loc":{"start":{"line":178,"column":4},"end":{"line":181,"column":5}},"type":"if","locations":[{"start":{"line":178,"column":4},"end":{"line":181,"column":5}},{"start":{},"end":{}}],"line":178},"12":{"loc":{"start":{"line":184,"column":4},"end":{"line":193,"column":5}},"type":"if","locations":[{"start":{"line":184,"column":4},"end":{"line":193,"column":5}},{"start":{},"end":{}}],"line":184},"13":{"loc":{"start":{"line":184,"column":8},"end":{"line":184,"column":54}},"type":"binary-expr","locations":[{"start":{"line":184,"column":8},"end":{"line":184,"column":12}},{"start":{"line":184,"column":16},"end":{"line":184,"column":35}},{"start":{"line":184,"column":39},"end":{"line":184,"column":54}}],"line":184},"14":{"loc":{"start":{"line":196,"column":4},"end":{"line":222,"column":5}},"type":"if","locations":[{"start":{"line":196,"column":4},"end":{"line":222,"column":5}},{"start":{},"end":{}}],"line":196},"15":{"loc":{"start":{"line":200,"column":6},"end":{"line":216,"column":7}},"type":"switch","locations":[{"start":{"line":201,"column":8},"end":{"line":203,"column":16}},{"start":{"line":204,"column":8},"end":{"line":207,"column":16}},{"start":{"line":208,"column":8},"end":{"line":210,"column":16}},{"start":{"line":211,"column":8},"end":{"line":213,"column":16}},{"start":{"line":214,"column":8},"end":{"line":215,"column":27}}],"line":200},"16":{"loc":{"start":{"line":218,"column":6},"end":{"line":221,"column":7}},"type":"if","locations":[{"start":{"line":218,"column":6},"end":{"line":221,"column":7}},{"start":{},"end":{}}],"line":218},"17":{"loc":{"start":{"line":226,"column":4},"end":{"line":229,"column":5}},"type":"if","locations":[{"start":{"line":226,"column":4},"end":{"line":229,"column":5}},{"start":{},"end":{}}],"line":226},"18":{"loc":{"start":{"line":226,"column":8},"end":{"line":226,"column":65}},"type":"binary-expr","locations":[{"start":{"line":226,"column":8},"end":{"line":226,"column":34}},{"start":{"line":226,"column":38},"end":{"line":226,"column":65}}],"line":226},"19":{"loc":{"start":{"line":232,"column":18},"end":{"line":232,"column":63}},"type":"cond-expr","locations":[{"start":{"line":232,"column":32},"end":{"line":232,"column":59}},{"start":{"line":232,"column":62},"end":{"line":232,"column":63}}],"line":232}},"s":{"0":1,"1":1,"2":1,"3":10,"4":1,"5":3,"6":3,"7":3,"8":1,"9":2,"10":2,"11":1,"12":1,"13":1,"14":1,"15":1,"16":2,"17":2,"18":3,"19":3,"20":2,"21":1,"22":1,"23":3,"24":3,"25":3,"26":3,"27":2,"28":1,"29":1,"30":3,"31":3,"32":2,"33":1,"34":1,"35":8,"36":8,"37":8,"38":8,"39":8,"40":8,"41":8,"42":2,"43":2,"44":8,"45":1,"46":1,"47":8,"48":1,"49":1,"50":8,"51":1,"52":1,"53":8,"54":1,"55":1,"56":8,"57":1,"58":1,"59":8,"60":1,"61":1,"62":1,"63":2,"64":2,"65":1,"66":1,"67":8,"68":2,"69":2,"70":0,"71":0,"72":0,"73":0,"74":0,"75":1,"76":1,"77":0,"78":0,"79":1,"80":2,"81":1,"82":1,"83":8,"84":8,"85":1,"86":1,"87":8,"88":7,"89":7,"90":2,"91":7,"92":1,"93":1},"f":{"0":10,"1":3,"2":3,"3":3,"4":3,"5":8,"6":2},"b":{"0":[1,2],"1":[1,1],"2":[2,1],"3":[2,1],"4":[0],"5":[7],"6":[2,6],"7":[1,7],"8":[1,7],"9":[1,7],"10":[1,7],"11":[1,7],"12":[1,7],"13":[8,1,1],"14":[2,6],"15":[0,0,1,0,1],"16":[1,1],"17":[1,7],"18":[8,1],"19":[1,6]},"inputSourceMap":null,"_coverageSchema":"1a1c01bbd47fc00a2c39e90264f33305004495a9","hash":"8cca2cf1fc6e939ed8d9f43bd7d8292fb03e03c8"}
,"D:\\Github\\DAP2-Backend\\models\\usersModel.js": {"path":"D:\\Github\\DAP2-Backend\\models\\usersModel.js","statementMap":{"0":{"start":{"line":5,"column":2},"end":{"line":13,"column":3}},"1":{"start":{"line":6,"column":14},"end":{"line":8,"column":6}},"2":{"start":{"line":9,"column":4},"end":{"line":9,"column":29}},"3":{"start":{"line":11,"column":4},"end":{"line":11,"column":54}},"4":{"start":{"line":12,"column":4},"end":{"line":12,"column":16}},"5":{"start":{"line":17,"column":2},"end":{"line":25,"column":3}},"6":{"start":{"line":18,"column":14},"end":{"line":20,"column":5}},"7":{"start":{"line":21,"column":4},"end":{"line":21,"column":18}},"8":{"start":{"line":23,"column":4},"end":{"line":23,"column":58}},"9":{"start":{"line":24,"column":4},"end":{"line":24,"column":14}}},"fnMap":{"0":{"name":"getUser","decl":{"start":{"line":4,"column":22},"end":{"line":4,"column":29}},"loc":{"start":{"line":4,"column":38},"end":{"line":14,"column":1}},"line":4},"1":{"name":"getAllUsers","decl":{"start":{"line":16,"column":22},"end":{"line":16,"column":33}},"loc":{"start":{"line":16,"column":36},"end":{"line":26,"column":1}},"line":16}},"branchMap":{"0":{"loc":{"start":{"line":9,"column":11},"end":{"line":9,"column":28}},"type":"binary-expr","locations":[{"start":{"line":9,"column":11},"end":{"line":9,"column":20}},{"start":{"line":9,"column":24},"end":{"line":9,"column":28}}],"line":9}},"s":{"0":3,"1":3,"2":2,"3":1,"4":1,"5":3,"6":3,"7":2,"8":1,"9":1},"f":{"0":3,"1":3},"b":{"0":[2,1]},"inputSourceMap":null,"_coverageSchema":"1a1c01bbd47fc00a2c39e90264f33305004495a9","hash":"85e2deb562b0145dca6fea9f7554df5cc7fba0f8"}
}
