TN:
SF:models\moviesModel.js
FN:3,getMovie
FN:13,getAllMovies
FN:23,searchMovies
FN:38,getMoviesByGenre
FNF:4
FNH:4
FNDA:3,getMovie
FNDA:2,getAllMovies
FNDA:2,searchMovies
FNDA:2,getMoviesByGenre
DA:4,3
DA:5,3
DA:6,2
DA:8,1
DA:9,1
DA:14,2
DA:15,2
DA:16,1
DA:18,1
DA:19,1
DA:24,2
DA:25,2
DA:31,1
DA:33,1
DA:34,1
DA:39,2
DA:40,2
DA:44,1
DA:46,1
DA:47,1
LF:20
LH:20
BRF:0
BRH:0
end_of_record
TN:
SF:models\reviewsModel.js
FN:17,(anonymous_0)
FN:20,createReview
FN:59,getReview
FN:76,updateReview
FN:112,deleteReview
FN:125,filterReviews
FN:233,(anonymous_6)
FNF:7
FNH:7
FNDA:10,(anonymous_0)
FNDA:3,createReview
FNDA:3,getReview
FNDA:3,updateReview
FNDA:3,deleteReview
FNDA:8,filterReviews
FNDA:2,(anonymous_6)
DA:3,1
DA:5,1
DA:17,10
DA:18,1
DA:29,3
DA:31,3
DA:34,3
DA:35,1
DA:38,2
DA:41,2
DA:42,1
DA:45,1
DA:50,1
DA:51,1
DA:52,1
DA:54,2
DA:55,2
DA:60,3
DA:61,3
DA:69,2
DA:71,1
DA:72,1
DA:80,3
DA:81,3
DA:94,3
DA:104,3
DA:105,2
DA:107,1
DA:108,1
DA:113,3
DA:114,3
DA:118,2
DA:120,1
DA:121,1
DA:126,8
DA:131,8
DA:133,8
DA:134,8
DA:135,8
DA:137,8
DA:158,8
DA:159,2
DA:160,2
DA:162,8
DA:163,1
DA:164,1
DA:166,8
DA:167,1
DA:168,1
DA:170,8
DA:171,1
DA:172,1
DA:174,8
DA:175,1
DA:176,1
DA:178,8
DA:179,1
DA:180,1
DA:184,8
DA:185,1
DA:186,1
DA:187,1
DA:188,2
DA:189,2
DA:191,1
DA:192,1
DA:196,8
DA:197,2
DA:200,2
DA:202,0
DA:203,0
DA:205,0
DA:206,0
DA:207,0
DA:209,1
DA:210,1
DA:212,0
DA:213,0
DA:215,1
DA:218,2
DA:219,1
DA:220,1
DA:224,8
DA:226,8
DA:227,1
DA:228,1
DA:231,8
DA:232,7
DA:233,7
DA:234,7
DA:236,1
DA:237,1
LF:92
LH:85
BRDA:34,0,0,1
BRDA:34,0,1,2
BRDA:41,1,0,1
BRDA:41,1,1,1
BRDA:69,2,0,2
BRDA:69,2,1,1
BRDA:105,3,0,2
BRDA:105,3,1,1
BRDA:125,4,0,0
BRDA:128,5,0,7
BRDA:158,6,0,2
BRDA:158,6,1,6
BRDA:162,7,0,1
BRDA:162,7,1,7
BRDA:166,8,0,1
BRDA:166,8,1,7
BRDA:170,9,0,1
BRDA:170,9,1,7
BRDA:174,10,0,1
BRDA:174,10,1,7
BRDA:178,11,0,1
BRDA:178,11,1,7
BRDA:184,12,0,1
BRDA:184,12,1,7
BRDA:184,13,0,8
BRDA:184,13,1,1
BRDA:184,13,2,1
BRDA:196,14,0,2
BRDA:196,14,1,6
BRDA:200,15,0,0
BRDA:200,15,1,0
BRDA:200,15,2,1
BRDA:200,15,3,0
BRDA:200,15,4,1
BRDA:218,16,0,1
BRDA:218,16,1,1
BRDA:226,17,0,1
BRDA:226,17,1,7
BRDA:226,18,0,8
BRDA:226,18,1,1
BRDA:232,19,0,1
BRDA:232,19,1,6
BRF:42
BRH:38
end_of_record
TN:
SF:models\usersModel.js
FN:4,getUser
FN:16,getAllUsers
FNF:2
FNH:2
FNDA:3,getUser
FNDA:3,getAllUsers
DA:5,3
DA:6,3
DA:9,2
DA:11,1
DA:12,1
DA:17,3
DA:18,3
DA:21,2
DA:23,1
DA:24,1
LF:10
LH:10
BRDA:9,0,0,2
BRDA:9,0,1,1
BRF:2
BRH:2
end_of_record
